<?xml version="1.0" encoding="UTF-8"?>
<testsuite xmlns:xsi="http://www.w3.org/2001/XMLSchema-instance" xsi:noNamespaceSchemaLocation="https://maven.apache.org/surefire/maven-surefire-plugin/xsd/surefire-test-report.xsd" name="com.test.maven.simpletest.AppTest" time="0.053" tests="1" errors="0" skipped="0" failures="0">
  <properties>
    <property name="java.specification.version" value="13"/>
    <property name="sun.jnu.encoding" value="UTF-8"/>
    <property name="java.class.path" value="/home/lenovo/eclipse-workspace/simpletest/target/test-classes:/home/lenovo/eclipse-workspace/simpletest/target/classes:/home/lenovo/.m2/repository/junit/junit/4.11/junit-4.11.jar:/home/lenovo/.m2/repository/org/hamcrest/hamcrest-core/1.3/hamcrest-core-1.3.jar:/home/lenovo/.m2/repository/org/bitbucket/b_c/jose4j/0.7.0/jose4j-0.7.0.jar:/home/lenovo/.m2/repository/org/slf4j/slf4j-api/1.7.21/slf4j-api-1.7.21.jar:/home/lenovo/.m2/repository/org/apache/logging/log4j/log4j-api/2.13.0/log4j-api-2.13.0.jar:/home/lenovo/.m2/repository/org/apache/logging/log4j/log4j-core/2.13.0/log4j-core-2.13.0.jar:/home/lenovo/.m2/repository/org/apache/logging/log4j/log4j-slf4j-impl/2.11.2/log4j-slf4j-impl-2.11.2.jar:/home/lenovo/.m2/repository/com/nimbusds/nimbus-jose-jwt/8.9/nimbus-jose-jwt-8.9.jar:/home/lenovo/.m2/repository/com/github/stephenc/jcip/jcip-annotations/1.0-1/jcip-annotations-1.0-1.jar:/home/lenovo/.m2/repository/net/minidev/json-smart/2.3/json-smart-2.3.jar:/home/lenovo/.m2/repository/net/minidev/accessors-smart/1.2/accessors-smart-1.2.jar:/home/lenovo/.m2/repository/org/ow2/asm/asm/5.0.4/asm-5.0.4.jar:"/>
    <property name="java.vm.vendor" value="Oracle Corporation"/>
    <property name="sun.arch.data.model" value="64"/>
    <property name="java.vendor.url" value="https://java.oracle.com/"/>
    <property name="os.name" value="Linux"/>
    <property name="java.vm.specification.version" value="13"/>
    <property name="sun.java.launcher" value="SUN_STANDARD"/>
    <property name="user.country" value="IN"/>
    <property name="sun.boot.library.path" value="/home/lenovo/Downloads/jdk-13.0.2/lib"/>
    <property name="sun.java.command" value="/home/lenovo/eclipse-workspace/simpletest/target/surefire/surefirebooter8589008286736529889.jar /home/lenovo/eclipse-workspace/simpletest/target/surefire 2020-03-11T22-22-59_373-jvmRun1 surefire10773669577199077654tmp surefire_07283585448935756891tmp"/>
    <property name="jdk.debug" value="release"/>
    <property name="surefire.test.class.path" value="/home/lenovo/eclipse-workspace/simpletest/target/test-classes:/home/lenovo/eclipse-workspace/simpletest/target/classes:/home/lenovo/.m2/repository/junit/junit/4.11/junit-4.11.jar:/home/lenovo/.m2/repository/org/hamcrest/hamcrest-core/1.3/hamcrest-core-1.3.jar:/home/lenovo/.m2/repository/org/bitbucket/b_c/jose4j/0.7.0/jose4j-0.7.0.jar:/home/lenovo/.m2/repository/org/slf4j/slf4j-api/1.7.21/slf4j-api-1.7.21.jar:/home/lenovo/.m2/repository/org/apache/logging/log4j/log4j-api/2.13.0/log4j-api-2.13.0.jar:/home/lenovo/.m2/repository/org/apache/logging/log4j/log4j-core/2.13.0/log4j-core-2.13.0.jar:/home/lenovo/.m2/repository/org/apache/logging/log4j/log4j-slf4j-impl/2.11.2/log4j-slf4j-impl-2.11.2.jar:/home/lenovo/.m2/repository/com/nimbusds/nimbus-jose-jwt/8.9/nimbus-jose-jwt-8.9.jar:/home/lenovo/.m2/repository/com/github/stephenc/jcip/jcip-annotations/1.0-1/jcip-annotations-1.0-1.jar:/home/lenovo/.m2/repository/net/minidev/json-smart/2.3/json-smart-2.3.jar:/home/lenovo/.m2/repository/net/minidev/accessors-smart/1.2/accessors-smart-1.2.jar:/home/lenovo/.m2/repository/org/ow2/asm/asm/5.0.4/asm-5.0.4.jar:"/>
    <property name="sun.cpu.endian" value="little"/>
    <property name="user.home" value="/home/lenovo"/>
    <property name="user.language" value="en"/>
    <property name="java.specification.vendor" value="Oracle Corporation"/>
    <property name="java.version.date" value="2020-01-14"/>
    <property name="java.home" value="/home/lenovo/Downloads/jdk-13.0.2"/>
    <property name="file.separator" value="/"/>
    <property name="basedir" value="/home/lenovo/eclipse-workspace/simpletest"/>
    <property name="java.vm.compressedOopsMode" value="32-bit"/>
    <property name="line.separator" value="&#10;"/>
    <property name="java.vm.specification.vendor" value="Oracle Corporation"/>
    <property name="java.specification.name" value="Java Platform API Specification"/>
    <property name="surefire.real.class.path" value="/home/lenovo/eclipse-workspace/simpletest/target/surefire/surefirebooter8589008286736529889.jar"/>
    <property name="sun.management.compiler" value="HotSpot 64-Bit Tiered Compilers"/>
    <property name="java.runtime.version" value="13.0.2+8"/>
    <property name="user.name" value="lenovo"/>
    <property name="path.separator" value=":"/>
    <property name="os.version" value="5.3.0-28-generic"/>
    <property name="java.runtime.name" value="Java(TM) SE Runtime Environment"/>
    <property name="file.encoding" value="UTF-8"/>
    <property name="java.vm.name" value="Java HotSpot(TM) 64-Bit Server VM"/>
    <property name="localRepository" value="/home/lenovo/.m2/repository"/>
    <property name="java.vendor.url.bug" value="https://bugreport.java.com/bugreport/"/>
    <property name="java.io.tmpdir" value="/tmp"/>
    <property name="java.version" value="13.0.2"/>
    <property name="user.dir" value="/home/lenovo/eclipse-workspace/simpletest"/>
    <property name="os.arch" value="amd64"/>
    <property name="java.vm.specification.name" value="Java Virtual Machine Specification"/>
    <property name="java.library.path" value="/usr/java/packages/lib:/usr/lib64:/lib64:/lib:/usr/lib"/>
    <property name="java.vm.info" value="mixed mode, sharing"/>
    <property name="java.vendor" value="Oracle Corporation"/>
    <property name="java.vm.version" value="13.0.2+8"/>
    <property name="sun.io.unicode.encoding" value="UnicodeLittle"/>
    <property name="java.class.version" value="57.0"/>
  </properties>
  <testcase name="shouldAnswerWithTrue" classname="com.test.maven.simpletest.AppTest" time="0.002"/>
</testsuite>